<?xml version="1.0" encoding="UTF-8"?>
<testsuite xmlns:xsi="http://www.w3.org/2001/XMLSchema-instance" xsi:noNamespaceSchemaLocation="https://maven.apache.org/surefire/maven-surefire-plugin/xsd/surefire-test-report.xsd" name="example.TestExample" time="0.074" tests="1" errors="0" skipped="0" failures="0">
  <properties>
    <property name="java.specification.version" value="17"/>
    <property name="sun.jnu.encoding" value="UTF-8"/>
    <property name="java.class.path" value="/Users/ozgunkocak/Documents/POLITO /Terzo anno/OOP/GIT/exam-20230627-med-center/target/test-classes:/Users/ozgunkocak/Documents/POLITO /Terzo anno/OOP/GIT/exam-20230627-med-center/target/classes:/Users/ozgunkocak/.m2/repository/junit/junit/4.13.2/junit-4.13.2.jar:/Users/ozgunkocak/.m2/repository/org/hamcrest/hamcrest-core/1.3/hamcrest-core-1.3.jar:"/>
    <property name="java.vm.vendor" value="Eclipse Adoptium"/>
    <property name="sun.arch.data.model" value="64"/>
    <property name="java.vendor.url" value="https://adoptium.net/"/>
    <property name="os.name" value="Mac OS X"/>
    <property name="java.vm.specification.version" value="17"/>
    <property name="sun.java.launcher" value="SUN_STANDARD"/>
    <property name="user.country" value="TR"/>
    <property name="sun.boot.library.path" value="/Applications/Eclipse.app/Contents/Eclipse/plugins/org.eclipse.justj.openjdk.hotspot.jre.full.macosx.x86_64_17.0.5.v20221102-0933/jre/lib"/>
    <property name="sun.java.command" value="/Users/ozgunkocak/Documents/POLITO /Terzo anno/OOP/GIT/exam-20230627-med-center/target/surefire/surefirebooter13886355119465156582.jar /Users/ozgunkocak/Documents/POLITO /Terzo anno/OOP/GIT/exam-20230627-med-center/target/surefire 2023-12-04T18-41-48_664-jvmRun1 surefire9991176528153948461tmp surefire_011445006325328259537tmp"/>
    <property name="http.nonProxyHosts" value="local|*.local|169.254/16|*.169.254/16"/>
    <property name="jdk.debug" value="release"/>
    <property name="surefire.test.class.path" value="/Users/ozgunkocak/Documents/POLITO /Terzo anno/OOP/GIT/exam-20230627-med-center/target/test-classes:/Users/ozgunkocak/Documents/POLITO /Terzo anno/OOP/GIT/exam-20230627-med-center/target/classes:/Users/ozgunkocak/.m2/repository/junit/junit/4.13.2/junit-4.13.2.jar:/Users/ozgunkocak/.m2/repository/org/hamcrest/hamcrest-core/1.3/hamcrest-core-1.3.jar:"/>
    <property name="sun.cpu.endian" value="little"/>
    <property name="user.home" value="/Users/ozgunkocak"/>
    <property name="user.language" value="en"/>
    <property name="java.specification.vendor" value="Oracle Corporation"/>
    <property name="java.version.date" value="2022-10-18"/>
    <property name="java.home" value="/Applications/Eclipse.app/Contents/Eclipse/plugins/org.eclipse.justj.openjdk.hotspot.jre.full.macosx.x86_64_17.0.5.v20221102-0933/jre"/>
    <property name="file.separator" value="/"/>
    <property name="style.color" value="always"/>
    <property name="basedir" value="/Users/ozgunkocak/Documents/POLITO /Terzo anno/OOP/GIT/exam-20230627-med-center"/>
    <property name="java.vm.compressedOopsMode" value="Zero based"/>
    <property name="line.separator" value="&#10;"/>
    <property name="java.vm.specification.vendor" value="Oracle Corporation"/>
    <property name="java.specification.name" value="Java Platform API Specification"/>
    <property name="surefire.real.class.path" value="/Users/ozgunkocak/Documents/POLITO /Terzo anno/OOP/GIT/exam-20230627-med-center/target/surefire/surefirebooter13886355119465156582.jar"/>
    <property name="sun.management.compiler" value="HotSpot 64-Bit Tiered Compilers"/>
    <property name="ftp.nonProxyHosts" value="local|*.local|169.254/16|*.169.254/16"/>
    <property name="java.runtime.version" value="17.0.5+8"/>
    <property name="user.name" value="ozgunkocak"/>
    <property name="path.separator" value=":"/>
    <property name="os.version" value="14.0"/>
    <property name="java.runtime.name" value="OpenJDK Runtime Environment"/>
    <property name="file.encoding" value="UTF-8"/>
    <property name="java.vm.name" value="OpenJDK 64-Bit Server VM"/>
    <property name="java.vendor.version" value="Temurin-17.0.5+8"/>
    <property name="localRepository" value="/Users/ozgunkocak/.m2/repository"/>
    <property name="java.vendor.url.bug" value="https://github.com/adoptium/adoptium-support/issues"/>
    <property name="java.io.tmpdir" value="/var/folders/zz/lxj7rjcn3p38t0z_vnqh8d540000gn/T/"/>
    <property name="java.version" value="17.0.5"/>
    <property name="user.dir" value="/Users/ozgunkocak/Documents/POLITO /Terzo anno/OOP/GIT/exam-20230627-med-center"/>
    <property name="os.arch" value="x86_64"/>
    <property name="java.vm.specification.name" value="Java Virtual Machine Specification"/>
    <property name="native.encoding" value="UTF-8"/>
    <property name="java.library.path" value="/Users/ozgunkocak/Library/Java/Extensions:/Library/Java/Extensions:/Network/Library/Java/Extensions:/System/Library/Java/Extensions:/usr/lib/java:."/>
    <property name="java.vm.info" value="mixed mode"/>
    <property name="java.vendor" value="Eclipse Adoptium"/>
    <property name="java.vm.version" value="17.0.5+8"/>
    <property name="sun.io.unicode.encoding" value="UnicodeBig"/>
    <property name="socksNonProxyHosts" value="local|*.local|169.254/16|*.169.254/16"/>
    <property name="java.class.version" value="61.0"/>
  </properties>
  <testcase name="testAll" classname="example.TestExample" time="0.036"/>
</testsuite>